  DXUT.cpp
c:\program files (x86)\microsoft directx sdk (june 2010)\include\dxgitype.h(12): warning C4005: 'DXGI_STATUS_OCCLUDED': 매크로 재정의
  C:\Program Files (x86)\Windows Kits\8.1\Include\shared\winerror.h(50092): note: 'DXGI_STATUS_OCCLUDED'의 이전 정의를 참조하십시오.
c:\program files (x86)\microsoft directx sdk (june 2010)\include\dxgitype.h(13): warning C4005: 'DXGI_STATUS_CLIPPED': 매크로 재정의
  C:\Program Files (x86)\Windows Kits\8.1\Include\shared\winerror.h(50101): note: 'DXGI_STATUS_CLIPPED'의 이전 정의를 참조하십시오.
c:\program files (x86)\microsoft directx sdk (june 2010)\include\dxgitype.h(14): warning C4005: 'DXGI_STATUS_NO_REDIRECTION': 매크로 재정의
  C:\Program Files (x86)\Windows Kits\8.1\Include\shared\winerror.h(50110): note: 'DXGI_STATUS_NO_REDIRECTION'의 이전 정의를 참조하십시오.
c:\program files (x86)\microsoft directx sdk (june 2010)\include\dxgitype.h(15): warning C4005: 'DXGI_STATUS_NO_DESKTOP_ACCESS': 매크로 재정의
  C:\Program Files (x86)\Windows Kits\8.1\Include\shared\winerror.h(50119): note: 'DXGI_STATUS_NO_DESKTOP_ACCESS'의 이전 정의를 참조하십시오.
c:\program files (x86)\microsoft directx sdk (june 2010)\include\dxgitype.h(16): warning C4005: 'DXGI_STATUS_GRAPHICS_VIDPN_SOURCE_IN_USE': 매크로 재정의
  C:\Program Files (x86)\Windows Kits\8.1\Include\shared\winerror.h(50128): note: 'DXGI_STATUS_GRAPHICS_VIDPN_SOURCE_IN_USE'의 이전 정의를 참조하십시오.
c:\program files (x86)\microsoft directx sdk (june 2010)\include\dxgitype.h(17): warning C4005: 'DXGI_STATUS_MODE_CHANGED': 매크로 재정의
  C:\Program Files (x86)\Windows Kits\8.1\Include\shared\winerror.h(50137): note: 'DXGI_STATUS_MODE_CHANGED'의 이전 정의를 참조하십시오.
c:\program files (x86)\microsoft directx sdk (june 2010)\include\dxgitype.h(18): warning C4005: 'DXGI_STATUS_MODE_CHANGE_IN_PROGRESS': 매크로 재정의
  C:\Program Files (x86)\Windows Kits\8.1\Include\shared\winerror.h(50146): note: 'DXGI_STATUS_MODE_CHANGE_IN_PROGRESS'의 이전 정의를 참조하십시오.
c:\program files (x86)\microsoft directx sdk (june 2010)\include\dxgitype.h(21): warning C4005: 'DXGI_ERROR_INVALID_CALL': 매크로 재정의
  C:\Program Files (x86)\Windows Kits\8.1\Include\shared\winerror.h(50161): note: 'DXGI_ERROR_INVALID_CALL'의 이전 정의를 참조하십시오.
c:\program files (x86)\microsoft directx sdk (june 2010)\include\dxgitype.h(22): warning C4005: 'DXGI_ERROR_NOT_FOUND': 매크로 재정의
  C:\Program Files (x86)\Windows Kits\8.1\Include\shared\winerror.h(50170): note: 'DXGI_ERROR_NOT_FOUND'의 이전 정의를 참조하십시오.
c:\program files (x86)\microsoft directx sdk (june 2010)\include\dxgitype.h(23): warning C4005: 'DXGI_ERROR_MORE_DATA': 매크로 재정의
  C:\Program Files (x86)\Windows Kits\8.1\Include\shared\winerror.h(50179): note: 'DXGI_ERROR_MORE_DATA'의 이전 정의를 참조하십시오.
c:\program files (x86)\microsoft directx sdk (june 2010)\include\dxgitype.h(24): warning C4005: 'DXGI_ERROR_UNSUPPORTED': 매크로 재정의
  C:\Program Files (x86)\Windows Kits\8.1\Include\shared\winerror.h(50188): note: 'DXGI_ERROR_UNSUPPORTED'의 이전 정의를 참조하십시오.
c:\program files (x86)\microsoft directx sdk (june 2010)\include\dxgitype.h(25): warning C4005: 'DXGI_ERROR_DEVICE_REMOVED': 매크로 재정의
  C:\Program Files (x86)\Windows Kits\8.1\Include\shared\winerror.h(50197): note: 'DXGI_ERROR_DEVICE_REMOVED'의 이전 정의를 참조하십시오.
c:\program files (x86)\microsoft directx sdk (june 2010)\include\dxgitype.h(26): warning C4005: 'DXGI_ERROR_DEVICE_HUNG': 매크로 재정의
  C:\Program Files (x86)\Windows Kits\8.1\Include\shared\winerror.h(50206): note: 'DXGI_ERROR_DEVICE_HUNG'의 이전 정의를 참조하십시오.
c:\program files (x86)\microsoft directx sdk (june 2010)\include\dxgitype.h(27): warning C4005: 'DXGI_ERROR_DEVICE_RESET': 매크로 재정의
  C:\Program Files (x86)\Windows Kits\8.1\Include\shared\winerror.h(50216): note: 'DXGI_ERROR_DEVICE_RESET'의 이전 정의를 참조하십시오.
c:\program files (x86)\microsoft directx sdk (june 2010)\include\dxgitype.h(28): warning C4005: 'DXGI_ERROR_WAS_STILL_DRAWING': 매크로 재정의
  C:\Program Files (x86)\Windows Kits\8.1\Include\shared\winerror.h(50225): note: 'DXGI_ERROR_WAS_STILL_DRAWING'의 이전 정의를 참조하십시오.
c:\program files (x86)\microsoft directx sdk (june 2010)\include\dxgitype.h(29): warning C4005: 'DXGI_ERROR_FRAME_STATISTICS_DISJOINT': 매크로 재정의
  C:\Program Files (x86)\Windows Kits\8.1\Include\shared\winerror.h(50235): note: 'DXGI_ERROR_FRAME_STATISTICS_DISJOINT'의 이전 정의를 참조하십시오.
c:\program files (x86)\microsoft directx sdk (june 2010)\include\dxgitype.h(30): warning C4005: 'DXGI_ERROR_GRAPHICS_VIDPN_SOURCE_IN_USE': 매크로 재정의
  C:\Program Files (x86)\Windows Kits\8.1\Include\shared\winerror.h(50244): note: 'DXGI_ERROR_GRAPHICS_VIDPN_SOURCE_IN_USE'의 이전 정의를 참조하십시오.
c:\program files (x86)\microsoft directx sdk (june 2010)\include\dxgitype.h(31): warning C4005: 'DXGI_ERROR_DRIVER_INTERNAL_ERROR': 매크로 재정의
  C:\Program Files (x86)\Windows Kits\8.1\Include\shared\winerror.h(50254): note: 'DXGI_ERROR_DRIVER_INTERNAL_ERROR'의 이전 정의를 참조하십시오.
c:\program files (x86)\microsoft directx sdk (june 2010)\include\dxgitype.h(32): warning C4005: 'DXGI_ERROR_NONEXCLUSIVE': 매크로 재정의
  C:\Program Files (x86)\Windows Kits\8.1\Include\shared\winerror.h(50263): note: 'DXGI_ERROR_NONEXCLUSIVE'의 이전 정의를 참조하십시오.
c:\program files (x86)\microsoft directx sdk (june 2010)\include\dxgitype.h(33): warning C4005: 'DXGI_ERROR_NOT_CURRENTLY_AVAILABLE': 매크로 재정의
  C:\Program Files (x86)\Windows Kits\8.1\Include\shared\winerror.h(50272): note: 'DXGI_ERROR_NOT_CURRENTLY_AVAILABLE'의 이전 정의를 참조하십시오.
c:\program files (x86)\microsoft directx sdk (june 2010)\include\dxgitype.h(34): warning C4005: 'DXGI_ERROR_REMOTE_CLIENT_DISCONNECTED': 매크로 재정의
  C:\Program Files (x86)\Windows Kits\8.1\Include\shared\winerror.h(50282): note: 'DXGI_ERROR_REMOTE_CLIENT_DISCONNECTED'의 이전 정의를 참조하십시오.
c:\program files (x86)\microsoft directx sdk (june 2010)\include\dxgitype.h(35): warning C4005: 'DXGI_ERROR_REMOTE_OUTOFMEMORY': 매크로 재정의
  C:\Program Files (x86)\Windows Kits\8.1\Include\shared\winerror.h(50291): note: 'DXGI_ERROR_REMOTE_OUTOFMEMORY'의 이전 정의를 참조하십시오.
c:\program files (x86)\microsoft directx sdk (june 2010)\include\d3d10.h(608): warning C4005: 'D3D10_ERROR_TOO_MANY_UNIQUE_STATE_OBJECTS': 매크로 재정의
  C:\Program Files (x86)\Windows Kits\8.1\Include\shared\winerror.h(50445): note: 'D3D10_ERROR_TOO_MANY_UNIQUE_STATE_OBJECTS'의 이전 정의를 참조하십시오.
c:\program files (x86)\microsoft directx sdk (june 2010)\include\d3d10.h(609): warning C4005: 'D3D10_ERROR_FILE_NOT_FOUND': 매크로 재정의
  C:\Program Files (x86)\Windows Kits\8.1\Include\shared\winerror.h(50454): note: 'D3D10_ERROR_FILE_NOT_FOUND'의 이전 정의를 참조하십시오.
d:\github\skillclassdxgame\Object.h(30): warning C4244: '+=': 'float'에서 'LONG'(으)로 변환하면서 데이터가 손실될 수 있습니다.
d:\github\skillclassdxgame\Object.h(31): warning C4244: '+=': 'float'에서 'LONG'(으)로 변환하면서 데이터가 손실될 수 있습니다.
d:\github\skillclassdxgame\Object.h(32): warning C4244: '+=': 'float'에서 'LONG'(으)로 변환하면서 데이터가 손실될 수 있습니다.
d:\github\skillclassdxgame\Object.h(33): warning C4244: '+=': 'float'에서 'LONG'(으)로 변환하면서 데이터가 손실될 수 있습니다.
d:\github\skillclassdxgame\Player.h(32): warning C4150: 불완전한 형식 'CharacterInfo'에 대한 포인터를 삭제했습니다. 소멸자가 호출되지 않습니다.
  d:\github\skillclassdxgame\Player.h(7): note: 'CharacterInfo' 선언을 참조하십시오.
d:\github\skillclassdxgame\Monster.h(39): warning C4150: 불완전한 형식 'CharacterInfo'에 대한 포인터를 삭제했습니다. 소멸자가 호출되지 않습니다.
  d:\github\skillclassdxgame\Player.h(7): note: 'CharacterInfo' 선언을 참조하십시오.
d:\github\skillclassdxgame\dxut\core\DXUT.h(351): warning C4067: 전처리기 지시문 다음에 예기치 않은 토큰이 있습니다. 줄 바꿈 문자가 필요합니다.
DXUT\Core\DXUT.cpp(696): warning C4838: 'UINT'에서 'LONG'(으)로의 변환에는 축소 변환이 필요합니다.
DXUT\Core\DXUT.cpp(697): warning C4838: 'UINT'에서 'LONG'(으)로의 변환에는 축소 변환이 필요합니다.
DXUT\Core\DXUT.cpp(4961): warning C4996: 'GetVersionExW': deprecated로 선언되었습니다.
  C:\Program Files (x86)\Windows Kits\8.1\Include\um\sysinfoapi.h(442): note: 'GetVersionExW' 선언을 참조하십시오.
  Asset.cpp
  Bullet.cpp
Bullet.cpp(47): warning C4238: 비표준 확장이 사용됨: 클래스 rvalue를 lvalue로 사용했습니다.
Bullet.cpp(58): warning C4458: 'direction' 선언은 클래스 멤버를 숨깁니다.
  d:\github\skillclassdxgame\Bullet.h(25): note: 'Bullet::direction' 선언을 참조하십시오.
  SDKsound.cpp
  SDKwavefile.cpp
  EnemyBullet.cpp
EnemyBullet.cpp(47): warning C4238: 비표준 확장이 사용됨: 클래스 rvalue를 lvalue로 사용했습니다.
EnemyBullet.cpp(58): warning C4458: 'direction' 선언은 클래스 멤버를 숨깁니다.
  d:\github\skillclassdxgame\EnemyBullet.h(25): note: 'EnemyBullet::direction' 선언을 참조하십시오.
  GameManager.cpp
  Item.cpp
Item.cpp(9): warning C4244: '인수': 'time_t'에서 'unsigned int'(으)로 변환하면서 데이터가 손실될 수 있습니다.
  Monster.cpp
Monster.cpp(52): warning C4238: 비표준 확장이 사용됨: 클래스 rvalue를 lvalue로 사용했습니다.
Monster.cpp(115): warning C4244: '=': 'int'에서 'float'(으)로 변환하면서 데이터가 손실될 수 있습니다.
  Object.cpp
  Player.cpp
Player.cpp(79): warning C4458: 'direction' 선언은 클래스 멤버를 숨깁니다.
  d:\github\skillclassdxgame\Player.h(42): note: 'Player::direction' 선언을 참조하십시오.
Player.cpp(116): warning C4244: '=': 'int'에서 'float'(으)로 변환하면서 데이터가 손실될 수 있습니다.
Player.cpp(155): warning C4238: 비표준 확장이 사용됨: 클래스 rvalue를 lvalue로 사용했습니다.
  Renderer.cpp
  ResourceManager.cpp
  AudioClip.cpp
  SpriteRenderer.cpp
  Task.cpp
  TaskIter.cpp
  TaskList.cpp
  Texture.cpp
  DXUTenum.cpp
  DXUTmisc.cpp
DXUT\Core\DXUTmisc.cpp(1263): warning C4996: 'GetVersionExA': deprecated로 선언되었습니다.
  C:\Program Files (x86)\Windows Kits\8.1\Include\um\sysinfoapi.h(433): note: 'GetVersionExA' 선언을 참조하십시오.
  컴파일하고 있습니다...
  DXUTcamera.cpp
  DXUTgui.cpp
DXUT\Optional\DXUTgui.cpp(6846): warning C4458: 'iTexture' 선언은 클래스 멤버를 숨깁니다.
  d:\github\skillclassdxgame\dxut\optional\DXUTgui.h(109): note: 'CDXUTElement::iTexture' 선언을 참조하십시오.
DXUT\Optional\DXUTgui.cpp(6860): warning C4458: 'iFont' 선언은 클래스 멤버를 숨깁니다.
  d:\github\skillclassdxgame\dxut\optional\DXUTgui.h(110): note: 'CDXUTElement::iFont' 선언을 참조하십시오.
DXUT\Optional\DXUTgui.cpp(6860): warning C4458: 'dwTextFormat' 선언은 클래스 멤버를 숨깁니다.
  d:\github\skillclassdxgame\dxut\optional\DXUTgui.h(111): note: 'CDXUTElement::dwTextFormat' 선언을 참조하십시오.
  DXUTres.cpp
  DXUTsettingsdlg.cpp
  SDKmesh.cpp
  SDKmisc.cpp
  Game.cpp
  코드를 생성하고 있습니다.
  All 1364 functions were compiled because no usable IPDB/IOBJ from previous compilation was found.
  코드를 생성했습니다.
  Game_2010.vcxproj -> D:\GitHub\SkillClassDXgame\Release\Game.exe
  Game_2010.vcxproj -> D:\GitHub\SkillClassDXgame\Release\Game.pdb (Full PDB)
